<?xml version="1.0" encoding="UTF-8"?>
<testng-results ignored="0" total="2" passed="2" failed="0" skipped="0">
  <reporter-output>
    <line>
      <![CDATA[Strating Before suite]]>
    </line>
    <line>
      <![CDATA[Ending Before suite]]>
    </line>
    <line>
      <![CDATA[Starting Before class]]>
    </line>
    <line>
      <![CDATA[Ending Before class]]>
    </line>
    <line>
      <![CDATA[After method]]>
    </line>
    <line>
      <![CDATA[Ending After method]]>
    </line>
    <line>
      <![CDATA[After method]]>
    </line>
    <line>
      <![CDATA[Ending After method]]>
    </line>
    <line>
      <![CDATA[After class]]>
    </line>
    <line>
      <![CDATA[Ending After class]]>
    </line>
    <line>
      <![CDATA[After suite]]>
    </line>
    <line>
      <![CDATA[Ending After method]]>
    </line>
  </reporter-output>
  <suite started-at="2023-07-10T19:40:54 IST" name="Suite" finished-at="2023-07-10T19:41:10 IST" duration-ms="16224">
    <groups>
    </groups>
    <test started-at="2023-07-10T19:40:54 IST" name="Test" finished-at="2023-07-10T19:41:10 IST" duration-ms="16224">
      <class name="com.learnautomation.testcases.Login01">
        <test-method is-config="true" signature="setUpSuit()[pri:0, instance:com.learnautomation.testcases.Login01@5d0bf09b]" started-at="2023-07-10T19:40:52 IST" name="setUpSuit" finished-at="2023-07-10T19:40:54 IST" duration-ms="1600" status="PASS">
          <reporter-output>
            <line>
              <![CDATA[Strating Before suite]]>
            </line>
            <line>
              <![CDATA[Ending Before suite]]>
            </line>
          </reporter-output>
        </test-method> <!-- setUpSuit -->
        <test-method is-config="true" signature="setUp()[pri:0, instance:com.learnautomation.testcases.Login01@5d0bf09b]" started-at="2023-07-10T19:40:54 IST" name="setUp" finished-at="2023-07-10T19:41:06 IST" duration-ms="12267" status="PASS">
          <reporter-output>
            <line>
              <![CDATA[Starting Before class]]>
            </line>
            <line>
              <![CDATA[Ending Before class]]>
            </line>
          </reporter-output>
        </test-method> <!-- setUp -->
        <test-method signature="loginApp()[pri:0, instance:com.learnautomation.testcases.Login01@5d0bf09b]" started-at="2023-07-10T19:41:06 IST" name="loginApp" finished-at="2023-07-10T19:41:09 IST" duration-ms="3159" status="PASS">
          <reporter-output>
          </reporter-output>
        </test-method> <!-- loginApp -->
        <test-method is-config="true" signature="tearDownMethod(org.testng.ITestResult)[pri:0, instance:com.learnautomation.testcases.Login01@5d0bf09b]" started-at="2023-07-10T19:41:09 IST" name="tearDownMethod" finished-at="2023-07-10T19:41:09 IST" duration-ms="192" status="PASS">
          <params>
            <param index="0">
              <value>
                <![CDATA[[TestResult name=loginApp status=SUCCESS method=Login01.loginApp()[pri:0, instance:com.learnautomation.testcases.Login01@5d0bf09b] output={null}]]]>
              </value>
            </param>
          </params>
          <reporter-output>
            <line>
              <![CDATA[After method]]>
            </line>
            <line>
              <![CDATA[Ending After method]]>
            </line>
          </reporter-output>
        </test-method> <!-- tearDownMethod -->
        <test-method signature="logoutApp()[pri:0, instance:com.learnautomation.testcases.Login01@5d0bf09b]" started-at="2023-07-10T19:41:09 IST" name="logoutApp" finished-at="2023-07-10T19:41:09 IST" duration-ms="3" status="PASS">
          <reporter-output>
          </reporter-output>
        </test-method> <!-- logoutApp -->
        <test-method is-config="true" signature="tearDownMethod(org.testng.ITestResult)[pri:0, instance:com.learnautomation.testcases.Login01@5d0bf09b]" started-at="2023-07-10T19:41:09 IST" name="tearDownMethod" finished-at="2023-07-10T19:41:10 IST" duration-ms="200" status="PASS">
          <params>
            <param index="0">
              <value>
                <![CDATA[[TestResult name=logoutApp status=SUCCESS method=Login01.logoutApp()[pri:0, instance:com.learnautomation.testcases.Login01@5d0bf09b] output={null}]]]>
              </value>
            </param>
          </params>
          <reporter-output>
            <line>
              <![CDATA[After method]]>
            </line>
            <line>
              <![CDATA[Ending After method]]>
            </line>
          </reporter-output>
        </test-method> <!-- tearDownMethod -->
        <test-method is-config="true" signature="tearDown()[pri:0, instance:com.learnautomation.testcases.Login01@5d0bf09b]" started-at="2023-07-10T19:41:10 IST" name="tearDown" finished-at="2023-07-10T19:41:10 IST" duration-ms="302" status="PASS">
          <reporter-output>
            <line>
              <![CDATA[After class]]>
            </line>
            <line>
              <![CDATA[Ending After class]]>
            </line>
          </reporter-output>
        </test-method> <!-- tearDown -->
        <test-method is-config="true" signature="tearDownSuit()[pri:0, instance:com.learnautomation.testcases.Login01@5d0bf09b]" started-at="2023-07-10T19:41:10 IST" name="tearDownSuit" finished-at="2023-07-10T19:41:10 IST" duration-ms="511" status="PASS">
          <reporter-output>
            <line>
              <![CDATA[After suite]]>
            </line>
            <line>
              <![CDATA[Ending After method]]>
            </line>
          </reporter-output>
        </test-method> <!-- tearDownSuit -->
      </class> <!-- com.learnautomation.testcases.Login01 -->
    </test> <!-- Test -->
  </suite> <!-- Suite -->
</testng-results>
